
<html>
<head>
<meta http-equiv="Content-Type" content="text/html; charset=ISO-8859-1">
<link rel="top" title="Home" href="http://www.mozilla.org/">
<link rel="stylesheet" type="text/css" href="../../../css/print.css"  media="print">
<link rel="stylesheet" type="text/css" href="../../../css/base/content.css"  media="all">
<link rel="stylesheet" type="text/css" href="../../../css/cavendish/content.css" title="Cavendish" media="screen">
<link rel="stylesheet" type="text/css" href="../../../css/base/template.css"  media="screen">
<link rel="stylesheet" type="text/css" href="../../../css/cavendish/template.css" title="Cavendish" media="screen">
<link rel="icon" href="../../../images/mozilla-16.png" type="image/png">

<title>Test results, smdebug</title>
<script src="../../../__utm.js" type="text/javascript"></script>
</head>
<body id="www-mozilla-org" class="deepLevel nomenu">
<div id="container">
<p class="important">You are currently viewing a snapshot of www.mozilla.org taken on April 21, 2008. Most of this content is
highly out of date (some pages haven't been updated since the project began in 1998) and exists for historical purposes only.  If
there are any pages on this archive site that you think should be added back to www.mozilla.org, please <a
href="https://bugzilla.mozilla.org/enter_bug.cgi?product=Websites&component=www.mozilla.org">file a bug</a>.</p>
<p class="skipLink"><a href="#mBody" accesskey="2">Skip to main content</a></p>
<div id="header">
<h1><a href="/" title="Return to home page" accesskey="1">Mozilla</a></h1>
<ul>
<li id="menu_aboutus"><a href="../../../about/" title="Getting the most out of your online experience">About</a></li>
<li id="menu_developers"><a href="../../../developer/" title="Using Mozilla's products for your own applications">Developers</a></li>
<li id="menu_store"><a href="http://store.mozilla.org/?r=mozorg1" title="Shop for Mozilla products on CD and other merchandise">Store</a></li>
<li id="menu_support"><a href="../../../support/" title="Installation, trouble-shooting, and the knowledge base">Support</a></li>
<li id="menu_products"><a href="../../../products/" title="All software Mozilla currently offers">Products</a></li>
</ul>
<form id="searchbox_002443141534113389537:ysdmevkkknw" action="http://www.google.com/cse" title="mozilla.org Search">
<div>
<label for="q" title="Search mozilla.org's sites">search mozilla:</label>
<input type="hidden" name="cx" value="002443141534113389537:ysdmevkkknw">
<input type="hidden" name="cof" value="FORID:0">
<input type="text" id="q" name="q" accesskey="s" size="30">
<input type="submit" id="submit" value="Go">
</div>
</form>
</div>
<hr class="hide">
<div id="mBody">


<a name='tippy_top'></a>
<h2>Test results, smdebug</h2><br>
<p class='results_summary'>
Test List: All tests<br>
Skip List: e4x, js1_6, lc2, lc3, spidermonkey-n.tests<br>
1254 test(s) selected, 1254 test(s) completed, 81 failures reported (6.45% failed)<br>
Engine command line: /home/bclary/JS/JS_150/mozilla/js/src/WINNT5.1_DBG.OBJ/js.exe -S 524288<br>
OS type: WIN<br>
Testcase execution time: 7 minutes, 5 seconds.<br>
Tests completed on Sat Oct 22 04:37:46 2005.<br><br>
[ <a href='#fail_detail'>Failure Details</a> | <a href='#retest_list'>Retest List</a> | <a href='http://lxr.mozilla.org/mozilla/source/js/tests/menu.html'>Test Selection Page</a> ]<br>
<hr>
<a name='fail_detail'></a>
<h2>Failure Details</h2><br>
<dl><dd><b>Testcase <a target='other_window' href='http://lxr.mozilla.org/mozilla/source/js/tests/ecma/ExecutionContexts/10.1.3-2.js'>ecma/ExecutionContexts/10.1.3-2.js</a> failed</b> <a href='https://bugzilla.mozilla.org/show_bug.cgi?id=299639' target='other_window'>Bug Number 299639</a><br>
 [ <a href='#tippy_top'>Top of Page</a> ]<br>
<tt><br>
Failure messages were:<br>
typeof f("parameter") = string FAILED! expected: function<br>
</tt><br>
<dd><b>Testcase <a target='other_window' href='http://lxr.mozilla.org/mozilla/source/js/tests/ecma/GlobalObject/15.1.2.1-1.js'>ecma/GlobalObject/15.1.2.1-1.js</a> failed</b> <a href='https://bugzilla.mozilla.org/show_bug.cgi?id=111199' target='other_window'>Bug Number 111199</a><br>
 [ <a href='#tippy_top'>Top of Page</a> ]<br>
<tt><br>
Failure messages were:<br>
var PROPS = ''; for ( p in eval ) { PROPS += p }; PROPS =  FAILED! expected: prototype<br>
</tt><br>
<dd><b>Testcase <a target='other_window' href='http://lxr.mozilla.org/mozilla/source/js/tests/ecma/GlobalObject/15.1.2.2-1.js'>ecma/GlobalObject/15.1.2.2-1.js</a> failed</b> <a href='https://bugzilla.mozilla.org/show_bug.cgi?id=111199' target='other_window'>Bug Number 111199</a><br>
 [ <a href='#tippy_top'>Top of Page</a> ]<br>
<tt><br>
Failure messages were:<br>
var PROPS=''; for ( var p in parseInt ) { PROPS += p; }; PROPS =  FAILED! expected: prototype<br>
</tt><br>
<dd><b>Testcase <a target='other_window' href='http://lxr.mozilla.org/mozilla/source/js/tests/ecma/GlobalObject/15.1.2.3-1.js'>ecma/GlobalObject/15.1.2.3-1.js</a> failed</b> <a href='https://bugzilla.mozilla.org/show_bug.cgi?id=77391' target='other_window'>Bug Number 77391</a><br>
 [ <a href='#tippy_top'>Top of Page</a> ]<br>
<tt><br>
Failure messages were:<br>
var MYPROPS=''; for ( var p in parseFloat ) { MYPROPS += p }; MYPROPS =  FAILED! expected: prototype<br>
</tt><br>
<dd><b>Testcase <a target='other_window' href='http://lxr.mozilla.org/mozilla/source/js/tests/ecma/GlobalObject/15.1.2.4.js'>ecma/GlobalObject/15.1.2.4.js</a> failed</b> <br>
 [ <a href='#tippy_top'>Top of Page</a> ]<br>
<tt><br>
Failure messages were:<br>
var MYPROPS=''; for ( var p in escape ) { MYPROPS+= p}; MYPROPS =  FAILED! expected: prototype<br>
</tt><br>
<dd><b>Testcase <a target='other_window' href='http://lxr.mozilla.org/mozilla/source/js/tests/ecma/GlobalObject/15.1.2.5-1.js'>ecma/GlobalObject/15.1.2.5-1.js</a> failed</b> <br>
 [ <a href='#tippy_top'>Top of Page</a> ]<br>
<tt><br>
Failure messages were:<br>
var MYPROPS=''; for ( var p in unescape ) { MYPROPS+= p }; MYPROPS =  FAILED! expected: prototype<br>
</tt><br>
<dd><b>Testcase <a target='other_window' href='http://lxr.mozilla.org/mozilla/source/js/tests/ecma/GlobalObject/15.1.2.6.js'>ecma/GlobalObject/15.1.2.6.js</a> failed</b> <a href='https://bugzilla.mozilla.org/show_bug.cgi?id=77391' target='other_window'>Bug Number 77391</a><br>
 [ <a href='#tippy_top'>Top of Page</a> ]<br>
<tt><br>
Failure messages were:<br>
var MYPROPS=''; for ( var p in isNaN ) { MYPROPS+= p }; MYPROPS =  FAILED! expected: prototype<br>
</tt><br>
<dd><b>Testcase <a target='other_window' href='http://lxr.mozilla.org/mozilla/source/js/tests/ecma/GlobalObject/15.1.2.7.js'>ecma/GlobalObject/15.1.2.7.js</a> failed</b> <a href='https://bugzilla.mozilla.org/show_bug.cgi?id=77391' target='other_window'>Bug Number 77391</a><br>
 [ <a href='#tippy_top'>Top of Page</a> ]<br>
<tt><br>
Failure messages were:<br>
var MYPROPS=''; for ( p in isFinite ) { MYPROPS+= p }; MYPROPS =  FAILED! expected: prototype<br>
</tt><br>
<dd><b>Testcase <a target='other_window' href='http://lxr.mozilla.org/mozilla/source/js/tests/ecma_2/instanceof/instanceof-003.js'>ecma_2/instanceof/instanceof-003.js</a> failed</b> <a href='https://bugzilla.mozilla.org/show_bug.cgi?id=7635' target='other_window'>Bug Number 7635</a><br>
 [ <a href='#tippy_top'>Top of Page</a> ]<br>
<tt><br>
Failure messages were:<br>
o = {}; o instanceof o = false FAILED! expected: error<br>
</tt><br>
<dd><b>Testcase <a target='other_window' href='http://lxr.mozilla.org/mozilla/source/js/tests/ecma_3/Date/15.9.3.2-1.js'>ecma_3/Date/15.9.3.2-1.js</a> failed</b> <br>
 [ <a href='#tippy_top'>Top of Page</a> ]<br>
<tt>STATUS: 15.9.3.2  new Date(value)<br>
Failure messages were:<br>
 FAILED! expected: Section 1 of test - 11/70/2004<br>
 FAILED! expected: Expected value '0', Actual value 'NaN'<br>
 FAILED! expected: <br>
 FAILED! expected: Section 5 of test - 70/69/70<br>
 FAILED! expected: Expected value '0', Actual value 'NaN'<br>
 FAILED! expected: <br>
 FAILED! expected: Section 6 of test - 70/69/1970<br>
 FAILED! expected: Expected value '0', Actual value 'NaN'<br>
 FAILED! expected: <br>
 FAILED! expected: Section 7 of test - 70/69/2004<br>
 FAILED! expected: Expected value '0', Actual value 'NaN'<br>
 FAILED! expected: <br>
</tt><br>
<dd><b>Testcase <a target='other_window' href='http://lxr.mozilla.org/mozilla/source/js/tests/ecma_3/ExecutionContexts/10.6.1-01.js'>ecma_3/ExecutionContexts/10.6.1-01.js</a> failed</b> <a href='https://bugzilla.mozilla.org/show_bug.cgi?id=290774' target='other_window'>Bug Number 290774</a><br>
 [ <a href='#tippy_top'>Top of Page</a> ]<br>
<tt>STATUS: activation object never delegates to Object.prototype<br>
STATUS: normal<br>
STATUS: ======<br>
STATUS: toStringResult <br>
STATUS: function toString() {<br>
STATUS:     return "fooString";<br>
STATUS: }<br>
STATUS: <br>
STATUS: toString <br>
STATUS: function toString() {<br>
STATUS:     return "fooString";<br>
STATUS: }<br>
STATUS: <br>
STATUS: evalResult fooEval<br>
STATUS: eval fooEval<br>
STATUS: watchResult undefined<br>
STATUS: watch undefined<br>
STATUS: parseIntResult fooParseInt<br>
STATUS: parseInt fooParseInt<br>
STATUS: outerinner<br>
STATUS: ==========<br>
STATUS: toStringResult <br>
STATUS: function toString() {<br>
STATUS:     [native code]<br>
STATUS: }<br>
STATUS: <br>
STATUS: toString <br>
STATUS: function toString() {<br>
STATUS:     return "fooString";<br>
STATUS: }<br>
STATUS: <br>
STATUS: evalResult <br>
STATUS: function eval() {<br>
STATUS:     [native code]<br>
STATUS: }<br>
STATUS: <br>
STATUS: eval fooEval<br>
STATUS: watchResult <br>
STATUS: function watch() {<br>
STATUS:     [native code]<br>
STATUS: }<br>
STATUS: <br>
STATUS: watch undefined<br>
STATUS: parseIntResult fooParseInt<br>
STATUS: parseInt fooParseInt<br>
Failure messages were:<br>
FAILED!: Section 5 of test -<br>
FAILED!: Expected value 'true', Actual value 'false'<br>
FAILED!: <br>
FAILED!: Section 6 of test -<br>
FAILED!: Expected value 'true', Actual value 'false'<br>
FAILED!: <br>
FAILED!: Section 7 of test -<br>
FAILED!: Expected value 'true', Actual value 'false'<br>
FAILED!: <br>
</tt><br>
<dd><b>Testcase <a target='other_window' href='http://lxr.mozilla.org/mozilla/source/js/tests/ecma_3/RegExp/regress-188206.js'>ecma_3/RegExp/regress-188206.js</a> failed</b> <a href='https://bugzilla.mozilla.org/show_bug.cgi?id=188206' target='other_window'>Bug Number 188206</a><br>
 [ <a href='#tippy_top'>Top of Page</a> ]<br>
<tt>STATUS: Invalid use of regexp quantifiers should generate SyntaxErrors<br>
Failure messages were:<br>
FAILED!: [reported from test()] Section 13 of test -<br>
FAILED!: [reported from test()] Expected value 'Should not generate an error', Actual value 'Generated an error!'<br>
FAILED!: [reported from test()] <br>
FAILED!: [reported from test()] Section 14 of test -<br>
FAILED!: [reported from test()] Expected value 'Should not generate an error', Actual value 'Generated an error!'<br>
FAILED!: [reported from test()] <br>
FAILED!: [reported from test()] Section 17 of test -<br>
FAILED!: [reported from test()] Expected value 'Should not generate an error', Actual value 'Generated an error!'<br>
FAILED!: [reported from test()] <br>
FAILED!: [reported from test()] Section 20 of test -<br>
FAILED!: [reported from test()] Expected value 'Should not generate an error', Actual value 'Generated an error!'<br>
FAILED!: [reported from test()] <br>
FAILED!: [reported from test()] Section 21 of test -<br>
FAILED!: [reported from test()] Expected value 'Should not generate an error', Actual value 'Generated an error!'<br>
FAILED!: [reported from test()] <br>
FAILED!: [reported from test()] Section 22 of test -<br>
FAILED!: [reported from test()] Expected value 'Should not generate an error', Actual value 'Generated an error!'<br>
FAILED!: [reported from test()] <br>
FAILED!: [reported from test()] Section 23 of test -<br>
FAILED!: [reported from test()] Expected value 'Should not generate an error', Actual value 'Generated an error!'<br>
FAILED!: [reported from test()] <br>
FAILED!: [reported from test()] Section 24 of test -<br>
FAILED!: [reported from test()] Expected value 'Should not generate an error', Actual value 'Generated an error!'<br>
FAILED!: [reported from test()] <br>
FAILED!: [reported from test()] Section 25 of test -<br>
FAILED!: [reported from test()] Expected value 'Should not generate an error', Actual value 'Generated an error!'<br>
FAILED!: [reported from test()] <br>
FAILED!: [reported from test()] Section 26 of test -<br>
FAILED!: [reported from test()] Expected value 'Should not generate an error', Actual value 'Generated an error!'<br>
FAILED!: [reported from test()] <br>
FAILED!: [reported from test()] Section 27 of test -<br>
FAILED!: [reported from test()] Expected value 'Should not generate an error', Actual value 'Generated an error!'<br>
FAILED!: [reported from test()] <br>
</tt><br>
<dd><b>Testcase <a target='other_window' href='http://lxr.mozilla.org/mozilla/source/js/tests/ecma_3/RegExp/regress-223273.js'>ecma_3/RegExp/regress-223273.js</a> failed</b> <a href='https://bugzilla.mozilla.org/show_bug.cgi?id=223273' target='other_window'>Bug Number 223273</a><br>
 [ <a href='#tippy_top'>Top of Page</a> ]<br>
<tt>STATUS: Unescaped, unbalanced parens in regexp should be a SyntaxError<br>
Failure messages were:<br>
FAILED!: [reported from test()] Section 21 of test -<br>
FAILED!: [reported from test()] Expected value 'Should not generate an error', Actual value 'Generated an error!'<br>
FAILED!: [reported from test()] <br>
FAILED!: [reported from test()] Section 23 of test -<br>
FAILED!: [reported from test()] Expected value 'Should not generate an error', Actual value 'Generated an error!'<br>
FAILED!: [reported from test()] <br>
</tt><br>
<dd><b>Testcase <a target='other_window' href='http://lxr.mozilla.org/mozilla/source/js/tests/ecma_3/RegExp/regress-228087.js'>ecma_3/RegExp/regress-228087.js</a> failed</b> <a href='https://bugzilla.mozilla.org/show_bug.cgi?id=228087' target='other_window'>Bug Number 228087</a><br>
 [ <a href='#tippy_top'>Top of Page</a> ]<br>
<tt>STATUS: Testing regexps with unescaped braces<br>
Failure messages were:<br>
FAILED!: [reported from test()] Section 6 of test -<br>
FAILED!: [reported from test()] regexp = error<br>
FAILED!: [reported from test()] string = 'abccccc{3 }c{ 3}c{3, }c{3 ,}c{3 ,4}c{3, 4}c{3,4 }de'<br>
FAILED!: [reported from test()] ERROR !!! regexp FAILED to match anything !!!<br>
FAILED!: [reported from test()] Expect: c{3 }<br>
FAILED!: [reported from test()] Actual: <br>
FAILED!: [reported from test()] <br>
FAILED!: [reported from test()] Section 7 of test -<br>
FAILED!: [reported from test()] regexp = error<br>
FAILED!: [reported from test()] string = 'abccccc{3 }c{ 3}c{3, }c{3 ,}c{3 ,4}c{3, 4}c{3,4 }de'<br>
FAILED!: [reported from test()] ERROR !!! regexp FAILED to match anything !!!<br>
FAILED!: [reported from test()] Expect: c{3 }<br>
FAILED!: [reported from test()] Actual: <br>
FAILED!: [reported from test()] <br>
FAILED!: [reported from test()] Section 8 of test -<br>
FAILED!: [reported from test()] regexp = error<br>
FAILED!: [reported from test()] string = 'abccccc{3 }c{ 3}c{3, }c{3 ,}c{3 ,4}c{3, 4}c{3,4 }de'<br>
FAILED!: [reported from test()] ERROR !!! regexp FAILED to match anything !!!<br>
FAILED!: [reported from test()] Expect: c{3 }<br>
FAILED!: [reported from test()] Actual: <br>
FAILED!: [reported from test()] <br>
FAILED!: [reported from test()] Section 9 of test -<br>
FAILED!: [reported from test()] regexp = error<br>
FAILED!: [reported from test()] string = 'abccccc{3 }c{ 3}c{3, }c{3 ,}c{3 ,4}c{3, 4}c{3,4 }de'<br>
FAILED!: [reported from test()] ERROR !!! regexp FAILED to match anything !!!<br>
FAILED!: [reported from test()] Expect: c{3 }<br>
FAILED!: [reported from test()] Actual: <br>
FAILED!: [reported from test()] <br>
FAILED!: [reported from test()] Section 10 of test -<br>
FAILED!: [reported from test()] regexp = error<br>
FAILED!: [reported from test()] string = 'abccccc{3 }c{ 3}c{3, }c{3 ,}c{3 ,4}c{3, 4}c{3,4 }de'<br>
FAILED!: [reported from test()] ERROR !!! regexp FAILED to match anything !!!<br>
FAILED!: [reported from test()] Expect: c{ 3}<br>
FAILED!: [reported from test()] Actual: <br>
FAILED!: [reported from test()] <br>
FAILED!: [reported from test()] Section 12 of test -<br>
FAILED!: [reported from test()] regexp = error<br>
FAILED!: [reported from test()] string = 'abccccc{3 }c{ 3}c{3, }c{3 ,}c{3 ,4}c{3, 4}c{3,4 }de'<br>
FAILED!: [reported from test()] ERROR !!! regexp FAILED to match anything !!!<br>
FAILED!: [reported from test()] Expect: c{3, }<br>
FAILED!: [reported from test()] Actual: <br>
FAILED!: [reported from test()] <br>
FAILED!: [reported from test()] Section 13 of test -<br>
FAILED!: [reported from test()] regexp = error<br>
FAILED!: [reported from test()] string = 'abccccc{3 }c{ 3}c{3, }c{3 ,}c{3 ,4}c{3, 4}c{3,4 }de'<br>
FAILED!: [reported from test()] ERROR !!! regexp FAILED to match anything !!!<br>
FAILED!: [reported from test()] Expect: c{3 ,}<br>
FAILED!: [reported from test()] Actual: <br>
FAILED!: [reported from test()] <br>
FAILED!: [reported from test()] Section 15 of test -<br>
FAILED!: [reported from test()] regexp = error<br>
FAILED!: [reported from test()] string = 'abccccc{3 }c{ 3}c{3, }c{3 ,}c{3 ,4}c{3, 4}c{3,4 }de'<br>
FAILED!: [reported from test()] ERROR !!! regexp FAILED to match anything !!!<br>
FAILED!: [reported from test()] Expect: c{3 ,4}<br>
FAILED!: [reported from test()] Actual: <br>
FAILED!: [reported from test()] <br>
FAILED!: [reported from test()] Section 16 of test -<br>
FAILED!: [reported from test()] regexp = error<br>
FAILED!: [reported from test()] string = 'abccccc{3 }c{ 3}c{3, }c{3 ,}c{3 ,4}c{3, 4}c{3,4 }de'<br>
FAILED!: [reported from test()] ERROR !!! regexp FAILED to match anything !!!<br>
FAILED!: [reported from test()] Expect: c{3, 4}<br>
FAILED!: [reported from test()] Actual: <br>
FAILED!: [reported from test()] <br>
FAILED!: [reported from test()] Section 17 of test -<br>
FAILED!: [reported from test()] regexp = error<br>
FAILED!: [reported from test()] string = 'abccccc{3 }c{ 3}c{3, }c{3 ,}c{3 ,4}c{3, 4}c{3,4 }de'<br>
FAILED!: [reported from test()] ERROR !!! regexp FAILED to match anything !!!<br>
FAILED!: [reported from test()] Expect: c{3,4 }<br>
FAILED!: [reported from test()] Actual: <br>
FAILED!: [reported from test()] <br>
</tt><br>
<dd><b>Testcase <a target='other_window' href='http://lxr.mozilla.org/mozilla/source/js/tests/ecma_3/RegExp/regress-309840.js'>ecma_3/RegExp/regress-309840.js</a> failed</b> <a href='https://bugzilla.mozilla.org/show_bug.cgi?id=309840' target='other_window'>Bug Number 309840</a><br>
 [ <a href='#tippy_top'>Top of Page</a> ]<br>
<tt>STATUS: Treat / in a literal regexp class as valid<br>
Failure messages were:<br>
FAILED!: Treat / in a literal regexp class as valid<br>
FAILED!: Expected value 'No error', Actual value 'SyntaxError: unterminated character class '<br>
FAILED!: <br>
</tt><br>
<dd><b>Testcase <a target='other_window' href='http://lxr.mozilla.org/mozilla/source/js/tests/ecma_3/RegExp/regress-312351.js'>ecma_3/RegExp/regress-312351.js</a> failed</b> <br>
 [ <a href='#tippy_top'>Top of Page</a> ]<br>
<tt>Expected exit code 0, got 5<br>
Testcase terminated with signal 0<br>
Complete testcase output was:<br>
Testcase produced no output!</tt><br>
<dd><b>Testcase <a target='other_window' href='http://lxr.mozilla.org/mozilla/source/js/tests/ecma_3/Statements/12.6.3.js'>ecma_3/Statements/12.6.3.js</a> failed</b> <a href='https://bugzilla.mozilla.org/show_bug.cgi?id=292731' target='other_window'>Bug Number 292731</a><br>
 [ <a href='#tippy_top'>Top of Page</a> ]<br>
<tt>STATUS: for-in should not call valueOf method<br>
Failure messages were:<br>
FAILED!: for-in custom object<br>
FAILED!: Expected value '', Actual value 'MyObject.prototype.valueOf called. '<br>
FAILED!: <br>
FAILED!: for-in function expression<br>
FAILED!: Expected value '', Actual value 'this.valueOf called. '<br>
FAILED!: <br>
</tt><br>
<dd><b>Testcase <a target='other_window' href='http://lxr.mozilla.org/mozilla/source/js/tests/ecma_3/Statements/regress-302439.js'>ecma_3/Statements/regress-302439.js</a> failed</b> <br>
 [ <a href='#tippy_top'>Top of Page</a> ]<br>
<tt>Expected exit code 0, got 5<br>
Testcase terminated with signal 0<br>
Complete testcase output was:<br>
Testcase produced no output!</tt><br>
<dd><b>Testcase <a target='other_window' href='http://lxr.mozilla.org/mozilla/source/js/tests/ecma_3/String/15.5.4.14.js'>ecma_3/String/15.5.4.14.js</a> failed</b> <a href='https://bugzilla.mozilla.org/show_bug.cgi?id=287630' target='other_window'>Bug Number 287630</a><br>
 [ <a href='#tippy_top'>Top of Page</a> ]<br>
<tt>STATUS: 15.5.4.14 - String.prototype.split(/()/)<br>
Failure messages were:<br>
FAILED!: 15.5.4.14 - String.prototype.split(/()/)<br>
FAILED!: Expected value 'a', Actual value 'a,'<br>
FAILED!: <br>
</tt><br>
<dd><b>Testcase <a target='other_window' href='http://lxr.mozilla.org/mozilla/source/js/tests/js1_2/Array/tostring_1.js'>js1_2/Array/tostring_1.js</a> failed</b> <br>
 [ <a href='#tippy_top'>Top of Page</a> ]<br>
<tt><br>
Failure messages were:<br>
a[0] = void 0; a.toString() = [undefined, ] FAILED! expected: [, ]<br>
a[1] = void 0; a.toString() = [undefined, undefined, ] FAILED! expected: [, , ]<br>
a[1] = "hi"; a.toString() = [undefined, "hi"] FAILED! expected: [, "hi"]<br>
a[2] = void 0; a.toString() = [undefined, "hi", undefined, ] FAILED! expected: [, "hi", , ]<br>
</tt><br>
<dd><b>Testcase <a target='other_window' href='http://lxr.mozilla.org/mozilla/source/js/tests/js1_2/function/Function_object.js'>js1_2/function/Function_object.js</a> failed</b> <br>
 [ <a href='#tippy_top'>Top of Page</a> ]<br>
<tt><br>
Failure messages were:<br>
 FAILED! expected: function () {<br>
</tt><br>
<dd><b>Testcase <a target='other_window' href='http://lxr.mozilla.org/mozilla/source/js/tests/js1_2/function/tostring-1.js'>js1_2/function/tostring-1.js</a> failed</b> <br>
 [ <a href='#tippy_top'>Top of Page</a> ]<br>
<tt><br>
Failure messages were:<br>
 FAILED! expected: function stub(value) {<br>
 FAILED! expected: function ToString(object) {<br>
 FAILED! expected: function Add(a, b, c, d, e) {<br>
 FAILED! expected: function noop(value) {<br>
 FAILED! expected: function () {<br>
</tt><br>
<dd><b>Testcase <a target='other_window' href='http://lxr.mozilla.org/mozilla/source/js/tests/js1_2/function/tostring-2.js'>js1_2/function/tostring-2.js</a> failed</b> <a href='https://bugzilla.mozilla.org/show_bug.cgi?id=123444' target='other_window'>Bug Number 123444</a><br>
 [ <a href='#tippy_top'>Top of Page</a> ]<br>
<tt><br>
Failure messages were:<br>
 FAILED! expected: function Equals(a, b) {<br>
 FAILED! expected: function ReallyEquals(a, b) {<br>
 FAILED! expected: function DoesntEqual(a, b) {<br>
 FAILED! expected: function ReallyDoesntEqual(a, b) {<br>
 FAILED! expected: function TestOr(a) {<br>
 FAILED! expected: function TestAnd(a) {<br>
 FAILED! expected: function Or(a, b) {<br>
 FAILED! expected: function And(a, b) {<br>
 FAILED! expected: function XOr(a, b) {<br>
</tt><br>
<dd><b>Testcase <a target='other_window' href='http://lxr.mozilla.org/mozilla/source/js/tests/js1_5/Array/11.1.4.js'>js1_5/Array/11.1.4.js</a> failed</b> <a href='https://bugzilla.mozilla.org/show_bug.cgi?id=260106' target='other_window'>Bug Number 260106</a><br>
 [ <a href='#tippy_top'>Top of Page</a> ]<br>
<tt>STATUS: Elisons in Array literals should not be enumed<br>
Failure messages were:<br>
FAILED!: Elisons in Array literals should not be enumed Section 1 of test - [,1] <br>
FAILED!: Expected value '1', Actual value '01'<br>
FAILED!: <br>
FAILED!: Elisons in Array literals should not be enumed Section 2 of test - [,,1] <br>
FAILED!: Expected value '2', Actual value '012'<br>
FAILED!: <br>
FAILED!: Elisons in Array literals should not be enumed Section 4 of test - [1,,] <br>
FAILED!: Expected value '0', Actual value '01'<br>
FAILED!: <br>
</tt><br>
<dd><b>Testcase <a target='other_window' href='http://lxr.mozilla.org/mozilla/source/js/tests/js1_5/Array/regress-101964.js'>js1_5/Array/regress-101964.js</a> failed</b> <a href='https://bugzilla.mozilla.org/show_bug.cgi?id=101964' target='other_window'>Bug Number 101964</a><br>
 [ <a href='#tippy_top'>Top of Page</a> ]<br>
<tt>STATUS: Performance: truncating even very large arrays should be fast!<br>
Failure messages were:<br>
FAILED!: [reported from test()] Section 1 of test -<br>
FAILED!: [reported from test()] Expected value 'Truncation took less than 50 ms', Actual value 'Truncation took 3105 ms'<br>
FAILED!: [reported from test()] <br>
</tt><br>
<dd><b>Testcase <a target='other_window' href='http://lxr.mozilla.org/mozilla/source/js/tests/js1_5/Array/regress-255555.js'>js1_5/Array/regress-255555.js</a> failed</b> <a href='https://bugzilla.mozilla.org/show_bug.cgi?id=255555' target='other_window'>Bug Number 255555</a><br>
 [ <a href='#tippy_top'>Top of Page</a> ]<br>
<tt>STATUS: Array.prototype.sort(comparefn) never passes undefined to comparefn<br>
Failure messages were:<br>
FAILED!: Array.prototype.sort(comparefn) never passes undefined to comparefn<br>
FAILED!: Expected value 'not undefined', Actual value 'undefined'<br>
FAILED!: <br>
</tt><br>
<dd><b>Testcase <a target='other_window' href='http://lxr.mozilla.org/mozilla/source/js/tests/js1_5/Array/regress-313153.js'>js1_5/Array/regress-313153.js</a> failed</b> <a href='https://bugzilla.mozilla.org/show_bug.cgi?id=313153' target='other_window'>Bug Number 313153</a><br>
 [ <a href='#tippy_top'>Top of Page</a> ]<br>
<tt>Expected exit code 0, got 3<br>
Testcase terminated with signal 0<br>
Complete testcase output was:<br>
BUGNUMBER: 313153<br>
<br>
STATUS: generic native method dispatcher extra actual arguments<br>
<br>
./js1_5/Array/regress-313153.js:47: TypeError: Array.concat has no properties<br>
</tt><br>
<dd><b>Testcase <a target='other_window' href='http://lxr.mozilla.org/mozilla/source/js/tests/js1_5/Date/regress-301738-02.js'>js1_5/Date/regress-301738-02.js</a> failed</b> <a href='https://bugzilla.mozilla.org/show_bug.cgi?id=301738' target='other_window'>Bug Number 301738</a><br>
 [ <a href='#tippy_top'>Top of Page</a> ]<br>
<tt>STATUS: Date parse compatibilty with MSIE<br>
Failure messages were:<br>
FAILED!: 0/0/0<br>
FAILED!: Expected value 'Thu Nov 30 1899', Actual value 'Invalid Date'<br>
FAILED!: <br>
FAILED!: 0/0/100<br>
FAILED!: Expected value 'Mon Nov 30 0099', Actual value 'Invalid Date'<br>
FAILED!: <br>
FAILED!: 0/24/100<br>
FAILED!: Expected value 'Thu Dec 24 0099', Actual value 'Invalid Date'<br>
FAILED!: <br>
FAILED!: 0/24/2100<br>
FAILED!: Expected value 'Thu Dec 24 2099', Actual value 'Invalid Date'<br>
FAILED!: <br>
FAILED!: 70/24/100<br>
FAILED!: Expected value 'Thu Mar 09 1972', Actual value 'Invalid Date'<br>
FAILED!: <br>
</tt><br>
<dd><b>Testcase <a target='other_window' href='http://lxr.mozilla.org/mozilla/source/js/tests/js1_5/Date/regress-309925-02.js'>js1_5/Date/regress-309925-02.js</a> failed</b> <a href='https://bugzilla.mozilla.org/show_bug.cgi?id=309925' target='other_window'>Bug Number 309925</a><br>
 [ <a href='#tippy_top'>Top of Page</a> ]<br>
<tt>STATUS: Correctly parse Date strings with HH:MM(comment)<br>
Failure messages were:<br>
FAILED!: Correctly parse Date strings with HH:MM(comment)<br>
FAILED!: Expected value 'Thu Sep 24 0105 11:58:00 GMT-0500 (Eastern Standard Time)', Actual value 'Invalid Date'<br>
FAILED!: <br>
</tt><br>
<dd><b>Testcase <a target='other_window' href='http://lxr.mozilla.org/mozilla/source/js/tests/js1_5/Date/toLocaleFormat.js'>js1_5/Date/toLocaleFormat.js</a> failed</b> <a href='https://bugzilla.mozilla.org/show_bug.cgi?id=291494' target='other_window'>Bug Number 291494</a><br>
 [ <a href='#tippy_top'>Top of Page</a> ]<br>
<tt>Expected exit code 0, got 3<br>
Testcase terminated with signal 0<br>
Complete testcase output was:<br>
BUGNUMBER: 291494<br>
<br>
STATUS: Date.prototype.toLocaleFormat extension<br>
<br>
./js1_5/Date/toLocaleFormat.js:52: TypeError: date.toLocaleFormat is not a function<br>
</tt><br>
<dd><b>Testcase <a target='other_window' href='http://lxr.mozilla.org/mozilla/source/js/tests/js1_5/Exceptions/regress-232182.js'>js1_5/Exceptions/regress-232182.js</a> failed</b> <a href='https://bugzilla.mozilla.org/show_bug.cgi?id=232182' target='other_window'>Bug Number 232182</a><br>
 [ <a href='#tippy_top'>Top of Page</a> ]<br>
<tt>STATUS: Display non-ascii characters in JS exceptions<br>
Failure messages were:<br>
FAILED!: Display non-ascii characters in JS exceptions: Access undefined Unicode symbol<br>
FAILED!: Expected value '@A is not defined', Actual value '\u0440\u0441 is not defined'<br>
FAILED!: <br>
</tt><br>
<dd><b>Testcase <a target='other_window' href='http://lxr.mozilla.org/mozilla/source/js/tests/js1_5/Exceptions/regress-257751.js'>js1_5/Exceptions/regress-257751.js</a> failed</b> <a href='https://bugzilla.mozilla.org/show_bug.cgi?id=257751' target='other_window'>Bug Number 257751</a><br>
 [ <a href='#tippy_top'>Top of Page</a> ]<br>
<tt>STATUS: RegExp Syntax Errors should have lineNumber and fileName<br>
Failure messages were:<br>
FAILED!: RegExp Syntax Errors should have lineNumber and fileName Section 1 of test - RegExp("\\") <br>
FAILED!: Expected value 'Pass', Actual value 'Fail'<br>
FAILED!: <br>
FAILED!: RegExp Syntax Errors should have lineNumber and fileName Section 2 of test - RegExp(")") <br>
FAILED!: Expected value 'Pass', Actual value 'Fail'<br>
FAILED!: <br>
</tt><br>
<dd><b>Testcase <a target='other_window' href='http://lxr.mozilla.org/mozilla/source/js/tests/js1_5/Exceptions/regress-273931.js'>js1_5/Exceptions/regress-273931.js</a> failed</b> <a href='https://bugzilla.mozilla.org/show_bug.cgi?id=273931' target='other_window'>Bug Number 273931</a><br>
 [ <a href='#tippy_top'>Top of Page</a> ]<br>
<tt>STATUS: Pop scope chain in exception handling<br>
STATUS: bar<br>
STATUS: bar<br>
STATUS: bar<br>
Failure messages were:<br>
FAILED!: Pop scope chain in exception handling Section 1 of test - <br>
FAILED!: Expected value 'ReferenceError', Actual value ''<br>
FAILED!: <br>
FAILED!: Pop scope chain in exception handling Section 2 of test - <br>
FAILED!: Expected value 'ReferenceError', Actual value ''<br>
FAILED!: <br>
FAILED!: Pop scope chain in exception handling Section 3 of test - <br>
FAILED!: Expected value 'ReferenceError', Actual value ''<br>
FAILED!: <br>
</tt><br>
<dd><b>Testcase <a target='other_window' href='http://lxr.mozilla.org/mozilla/source/js/tests/js1_5/Exceptions/regress-50447-1.js'>js1_5/Exceptions/regress-50447-1.js</a> failed</b> <a href='https://bugzilla.mozilla.org/show_bug.cgi?id=50447' target='other_window'>Bug Number 50447</a><br>
 [ <a href='#tippy_top'>Top of Page</a> ]<br>
<tt>STATUS: Test (non-ECMA) Error object properties fileName, lineNumber<br>
Failure messages were:<br>
FAILED!: [reported from test2()] toSource() returned unexpected result.<br>
FAILED!: [reported from test2()] Expected value '(new InternalError("msg", "./js1_5/Exceptions/regress-50447-1.js", 130))', Actual value '(new InternalError("msg", ""))'<br>
FAILED!: [reported from test2()] <br>
FAILED!: [reported from test2()] fileName property returned unexpected value.<br>
FAILED!: [reported from test2()] Expected value './js1_5/Exceptions/regress-50447-1.js', Actual value ''<br>
FAILED!: [reported from test2()] <br>
FAILED!: [reported from test2()] lineNumber property returned unexpected value.<br>
FAILED!: [reported from test2()] Expected value '130', Actual value '0'<br>
FAILED!: [reported from test2()] <br>
FAILED!: [reported from test3()] toSource() returned unexpected result.<br>
FAILED!: [reported from test3()] Expected value '(new InternalError("msg", "./js1_5/Exceptions/regress-50447-1.js", 10))', Actual value '(new InternalError("msg", "", 10))'<br>
FAILED!: [reported from test3()] <br>
FAILED!: [reported from test3()] fileName property returned unexpected value.<br>
FAILED!: [reported from test3()] Expected value './js1_5/Exceptions/regress-50447-1.js', Actual value ''<br>
FAILED!: [reported from test3()] <br>
FAILED!: [reported from test4()] toSource() returned unexpected result.<br>
FAILED!: [reported from test4()] Expected value '(new InternalError("msg", "file", 179))', Actual value '(new InternalError("msg", "file"))'<br>
FAILED!: [reported from test4()] <br>
FAILED!: [reported from test4()] lineNumber property returned unexpected value.<br>
FAILED!: [reported from test4()] Expected value '179', Actual value '0'<br>
FAILED!: [reported from test4()] <br>
</tt><br>
<dd><b>Testcase <a target='other_window' href='http://lxr.mozilla.org/mozilla/source/js/tests/js1_5/Function/10.1.6-01.js'>js1_5/Function/10.1.6-01.js</a> failed</b> <a href='https://bugzilla.mozilla.org/show_bug.cgi?id=293782' target='other_window'>Bug Number 293782</a><br>
 [ <a href='#tippy_top'>Top of Page</a> ]<br>
<tt>STATUS: Local variables should not be enumerable properties of the function<br>
Failure messages were:<br>
FAILED!: Local variables should not be enumerable properties of the function<br>
FAILED!: Expected value 'prototype,', Actual value 'x,y,'<br>
FAILED!: <br>
</tt><br>
<dd><b>Testcase <a target='other_window' href='http://lxr.mozilla.org/mozilla/source/js/tests/js1_5/Function/10.1.6.js'>js1_5/Function/10.1.6.js</a> failed</b> <a href='https://bugzilla.mozilla.org/show_bug.cgi?id=293782' target='other_window'>Bug Number 293782</a><br>
 [ <a href='#tippy_top'>Top of Page</a> ]<br>
<tt>STATUS: Local variables can cause predefined function object properties to be undefined<br>
Failure messages were:<br>
FAILED!: Local variables can cause predefined function object properties to be undefined<br>
FAILED!: Type mismatch, expected type string, actual type undefined<br>
FAILED!: Expected value 'f', Actual value 'undefined'<br>
FAILED!: <br>
</tt><br>
<dd><b>Testcase <a target='other_window' href='http://lxr.mozilla.org/mozilla/source/js/tests/js1_5/Function/15.3.4.4.js'>js1_5/Function/15.3.4.4.js</a> failed</b> <a href='https://bugzilla.mozilla.org/show_bug.cgi?id=290488' target='other_window'>Bug Number 290488</a><br>
 [ <a href='#tippy_top'>Top of Page</a> ]<br>
<tt>Expected exit code 0, got 3<br>
Testcase terminated with signal 0<br>
Complete testcase output was:<br>
BUGNUMBER: 290488<br>
<br>
STATUS: 15.3.4.4 - Function.prototype.call() Scope<br>
<br>
STATUS: Section 1 of test -<br>
<br>
STATUS: Section 2 of test -<br>
<br>
./js1_5/Function/15.3.4.4.js:61: TypeError: it.bindMethod is not a function<br>
</tt><br>
<dd><b>Testcase <a target='other_window' href='http://lxr.mozilla.org/mozilla/source/js/tests/js1_5/Function/regress-292215.js'>js1_5/Function/regress-292215.js</a> failed</b> <a href='https://bugzilla.mozilla.org/show_bug.cgi?id=292215' target='other_window'>Bug Number 292215</a><br>
 [ <a href='#tippy_top'>Top of Page</a> ]<br>
<tt>STATUS: Set arguments<br>
Failure messages were:<br>
FAILED!: Set arguments<br>
FAILED!: Expected value '00012', Actual value 'undefinedundefined0undefined2'<br>
FAILED!: <br>
</tt><br>
<dd><b>Testcase <a target='other_window' href='http://lxr.mozilla.org/mozilla/source/js/tests/js1_5/Object/regress-308806-01.js'>js1_5/Object/regress-308806-01.js</a> failed</b> <a href='https://bugzilla.mozilla.org/show_bug.cgi?id=308806' target='other_window'>Bug Number 308806</a><br>
 [ <a href='#tippy_top'>Top of Page</a> ]<br>
<tt>STATUS: Object.prototype.toLocaleString() should track Object.prototype.toString() <br>
Failure messages were:<br>
FAILED!: Object.prototype.toLocaleString() should track Object.prototype.toString() <br>
FAILED!: Expected value 'foo', Actual value '[object Object]'<br>
FAILED!: <br>
</tt><br>
<dd><b>Testcase <a target='other_window' href='http://lxr.mozilla.org/mozilla/source/js/tests/js1_5/Regress/regress-155081-2.js'>js1_5/Regress/regress-155081-2.js</a> failed</b> <br>
 [ <a href='#tippy_top'>Top of Page</a> ]<br>
<tt>Expected exit code 0, got 3<br>
Testcase terminated with signal 0<br>
Complete testcase output was:<br>
too many literals<br>
</tt><br>
<dd><b>Testcase <a target='other_window' href='http://lxr.mozilla.org/mozilla/source/js/tests/js1_5/Regress/regress-155081.js'>js1_5/Regress/regress-155081.js</a> failed</b> <br>
 [ <a href='#tippy_top'>Top of Page</a> ]<br>
<tt>Expected exit code 0, got 5<br>
Testcase terminated with signal 0<br>
Complete testcase output was:<br>
Testcase produced no output!</tt><br>
<dd><b>Testcase <a target='other_window' href='http://lxr.mozilla.org/mozilla/source/js/tests/js1_5/Regress/regress-162392.js'>js1_5/Regress/regress-162392.js</a> failed</b> <br>
 [ <a href='#tippy_top'>Top of Page</a> ]<br>
<tt>Expected exit code 0, got 3<br>
Testcase terminated with signal 0<br>
Complete testcase output was:<br>
Testcase produced no output!</tt><br>
<dd><b>Testcase <a target='other_window' href='http://lxr.mozilla.org/mozilla/source/js/tests/js1_5/Regress/regress-203278-1.js'>js1_5/Regress/regress-203278-1.js</a> failed</b> <br>
 [ <a href='#tippy_top'>Top of Page</a> ]<br>
<tt>Expected exit code 0, got 253<br>
Testcase terminated with signal 0<br>
Complete testcase output was:<br>
Testcase produced no output!</tt><br>
<dd><b>Testcase <a target='other_window' href='http://lxr.mozilla.org/mozilla/source/js/tests/js1_5/Regress/regress-203278-2.js'>js1_5/Regress/regress-203278-2.js</a> failed</b> <br>
 [ <a href='#tippy_top'>Top of Page</a> ]<br>
<tt>Expected exit code 0, got 253<br>
Testcase terminated with signal 0<br>
Complete testcase output was:<br>
Testcase produced no output!</tt><br>
<dd><b>Testcase <a target='other_window' href='http://lxr.mozilla.org/mozilla/source/js/tests/js1_5/Regress/regress-203278-3.js'>js1_5/Regress/regress-203278-3.js</a> failed</b> <br>
 [ <a href='#tippy_top'>Top of Page</a> ]<br>
<tt>Expected exit code 0, got 253<br>
Testcase terminated with signal 0<br>
Complete testcase output was:<br>
Testcase produced no output!</tt><br>
<dd><b>Testcase <a target='other_window' href='http://lxr.mozilla.org/mozilla/source/js/tests/js1_5/Regress/regress-240317.js'>js1_5/Regress/regress-240317.js</a> failed</b> <a href='https://bugzilla.mozilla.org/show_bug.cgi?id=240317' target='other_window'>Bug Number 240317</a><br>
 [ <a href='#tippy_top'>Top of Page</a> ]<br>
<tt>STATUS: Using Reserved identifiers warns<br>
Failure messages were:<br>
FAILED!: Using Reserved identifiers warns: abstract, SyntaxError: missing variable name <br>
FAILED!: Expected value 'no error', Actual value 'error'<br>
FAILED!: <br>
FAILED!: Using Reserved identifiers warns: abstract, SyntaxError: abstract is a reserved identifier <br>
FAILED!: Expected value 'no error', Actual value 'error'<br>
FAILED!: <br>
FAILED!: Using Reserved identifiers warns: enum, SyntaxError: missing variable name <br>
FAILED!: Expected value 'no error', Actual value 'error'<br>
FAILED!: <br>
FAILED!: Using Reserved identifiers warns: enum, SyntaxError: enum is a reserved identifier <br>
FAILED!: Expected value 'no error', Actual value 'error'<br>
FAILED!: <br>
FAILED!: Using Reserved identifiers warns: int, SyntaxError: missing variable name <br>
FAILED!: Expected value 'no error', Actual value 'error'<br>
FAILED!: <br>
FAILED!: Using Reserved identifiers warns: int, SyntaxError: int is a reserved identifier <br>
FAILED!: Expected value 'no error', Actual value 'error'<br>
FAILED!: <br>
FAILED!: Using Reserved identifiers warns: short, SyntaxError: missing variable name <br>
FAILED!: Expected value 'no error', Actual value 'error'<br>
FAILED!: <br>
FAILED!: Using Reserved identifiers warns: short, SyntaxError: short is a reserved identifier <br>
FAILED!: Expected value 'no error', Actual value 'error'<br>
FAILED!: <br>
FAILED!: Using Reserved identifiers warns: boolean, SyntaxError: missing variable name <br>
FAILED!: Expected value 'no error', Actual value 'error'<br>
FAILED!: <br>
FAILED!: Using Reserved identifiers warns: boolean, SyntaxError: boolean is a reserved identifier <br>
FAILED!: Expected value 'no error', Actual value 'error'<br>
FAILED!: <br>
FAILED!: Using Reserved identifiers warns: interface, SyntaxError: missing variable name <br>
FAILED!: Expected value 'no error', Actual value 'error'<br>
FAILED!: <br>
FAILED!: Using Reserved identifiers warns: interface, SyntaxError: interface is a reserved identifier <br>
FAILED!: Expected value 'no error', Actual value 'error'<br>
FAILED!: <br>
FAILED!: Using Reserved identifiers warns: static, SyntaxError: missing variable name <br>
FAILED!: Expected value 'no error', Actual value 'error'<br>
FAILED!: <br>
FAILED!: Using Reserved identifiers warns: static, SyntaxError: static is a reserved identifier <br>
FAILED!: Expected value 'no error', Actual value 'error'<br>
FAILED!: <br>
FAILED!: Using Reserved identifiers warns: byte, SyntaxError: missing variable name <br>
FAILED!: Expected value 'no error', Actual value 'error'<br>
FAILED!: <br>
FAILED!: Using Reserved identifiers warns: byte, SyntaxError: byte is a reserved identifier <br>
FAILED!: Expected value 'no error', Actual value 'error'<br>
FAILED!: <br>
FAILED!: Using Reserved identifiers warns: extends, SyntaxError: missing variable name <br>
FAILED!: Expected value 'no error', Actual value 'error'<br>
FAILED!: <br>
FAILED!: Using Reserved identifiers warns: extends, SyntaxError: extends is a reserved identifier <br>
FAILED!: Expected value 'no error', Actual value 'error'<br>
FAILED!: <br>
FAILED!: Using Reserved identifiers warns: long, SyntaxError: missing variable name <br>
FAILED!: Expected value 'no error', Actual value 'error'<br>
FAILED!: <br>
FAILED!: Using Reserved identifiers warns: long, SyntaxError: long is a reserved identifier <br>
FAILED!: Expected value 'no error', Actual value 'error'<br>
FAILED!: <br>
FAILED!: Using Reserved identifiers warns: super, SyntaxError: missing variable name <br>
FAILED!: Expected value 'no error', Actual value 'error'<br>
FAILED!: <br>
FAILED!: Using Reserved identifiers warns: super, SyntaxError: super is a reserved identifier <br>
FAILED!: Expected value 'no error', Actual value 'error'<br>
FAILED!: <br>
FAILED!: Using Reserved identifiers warns: char, SyntaxError: missing variable name <br>
FAILED!: Expected value 'no error', Actual value 'error'<br>
FAILED!: <br>
FAILED!: Using Reserved identifiers warns: char, SyntaxError: char is a reserved identifier <br>
FAILED!: Expected value 'no error', Actual value 'error'<br>
FAILED!: <br>
FAILED!: Using Reserved identifiers warns: final, SyntaxError: missing variable name <br>
FAILED!: Expected value 'no error', Actual value 'error'<br>
FAILED!: <br>
FAILED!: Using Reserved identifiers warns: final, SyntaxError: final is a reserved identifier <br>
FAILED!: Expected value 'no error', Actual value 'error'<br>
FAILED!: <br>
FAILED!: Using Reserved identifiers warns: native, SyntaxError: missing variable name <br>
FAILED!: Expected value 'no error', Actual value 'error'<br>
FAILED!: <br>
FAILED!: Using Reserved identifiers warns: native, SyntaxError: native is a reserved identifier <br>
FAILED!: Expected value 'no error', Actual value 'error'<br>
FAILED!: <br>
FAILED!: Using Reserved identifiers warns: synchronized, SyntaxError: missing variable name <br>
FAILED!: Expected value 'no error', Actual value 'error'<br>
FAILED!: <br>
FAILED!: Using Reserved identifiers warns: synchronized, SyntaxError: synchronized is a reserved identifier <br>
FAILED!: Expected value 'no error', Actual value 'error'<br>
FAILED!: <br>
FAILED!: Using Reserved identifiers warns: class, SyntaxError: missing variable name <br>
FAILED!: Expected value 'no error', Actual value 'error'<br>
FAILED!: <br>
FAILED!: Using Reserved identifiers warns: class, SyntaxError: class is a reserved identifier <br>
FAILED!: Expected value 'no error', Actual value 'error'<br>
FAILED!: <br>
FAILED!: Using Reserved identifiers warns: float, SyntaxError: missing variable name <br>
FAILED!: Expected value 'no error', Actual value 'error'<br>
FAILED!: <br>
FAILED!: Using Reserved identifiers warns: float, SyntaxError: float is a reserved identifier <br>
FAILED!: Expected value 'no error', Actual value 'error'<br>
FAILED!: <br>
FAILED!: Using Reserved identifiers warns: package, SyntaxError: missing variable name <br>
FAILED!: Expected value 'no error', Actual value 'error'<br>
FAILED!: <br>
FAILED!: Using Reserved identifiers warns: package, SyntaxError: package is a reserved identifier <br>
FAILED!: Expected value 'no error', Actual value 'error'<br>
FAILED!: <br>
FAILED!: Using Reserved identifiers warns: throws, SyntaxError: missing variable name <br>
FAILED!: Expected value 'no error', Actual value 'error'<br>
FAILED!: <br>
FAILED!: Using Reserved identifiers warns: throws, SyntaxError: throws is a reserved identifier <br>
FAILED!: Expected value 'no error', Actual value 'error'<br>
FAILED!: <br>
FAILED!: Using Reserved identifiers warns: goto, SyntaxError: missing variable name <br>
FAILED!: Expected value 'no error', Actual value 'error'<br>
FAILED!: <br>
FAILED!: Using Reserved identifiers warns: goto, SyntaxError: goto is a reserved identifier <br>
FAILED!: Expected value 'no error', Actual value 'error'<br>
FAILED!: <br>
FAILED!: Using Reserved identifiers warns: private, SyntaxError: missing variable name <br>
FAILED!: Expected value 'no error', Actual value 'error'<br>
FAILED!: <br>
FAILED!: Using Reserved identifiers warns: private, SyntaxError: private is a reserved identifier <br>
FAILED!: Expected value 'no error', Actual value 'error'<br>
FAILED!: <br>
FAILED!: Using Reserved identifiers warns: transient, SyntaxError: missing variable name <br>
FAILED!: Expected value 'no error', Actual value 'error'<br>
FAILED!: <br>
FAILED!: Using Reserved identifiers warns: transient, SyntaxError: transient is a reserved identifier <br>
FAILED!: Expected value 'no error', Actual value 'error'<br>
FAILED!: <br>
FAILED!: Using Reserved identifiers warns: implements, SyntaxError: missing variable name <br>
FAILED!: Expected value 'no error', Actual value 'error'<br>
FAILED!: <br>
FAILED!: Using Reserved identifiers warns: implements, SyntaxError: implements is a reserved identifier <br>
FAILED!: Expected value 'no error', Actual value 'error'<br>
FAILED!: <br>
FAILED!: Using Reserved identifiers warns: protected, SyntaxError: missing variable name <br>
FAILED!: Expected value 'no error', Actual value 'error'<br>
FAILED!: <br>
FAILED!: Using Reserved identifiers warns: protected, SyntaxError: protected is a reserved identifier <br>
FAILED!: Expected value 'no error', Actual value 'error'<br>
FAILED!: <br>
FAILED!: Using Reserved identifiers warns: volatile, SyntaxError: missing variable name <br>
FAILED!: Expected value 'no error', Actual value 'error'<br>
FAILED!: <br>
FAILED!: Using Reserved identifiers warns: volatile, SyntaxError: volatile is a reserved identifier <br>
FAILED!: Expected value 'no error', Actual value 'error'<br>
FAILED!: <br>
FAILED!: Using Reserved identifiers warns: double, SyntaxError: missing variable name <br>
FAILED!: Expected value 'no error', Actual value 'error'<br>
FAILED!: <br>
FAILED!: Using Reserved identifiers warns: double, SyntaxError: double is a reserved identifier <br>
FAILED!: Expected value 'no error', Actual value 'error'<br>
FAILED!: <br>
FAILED!: Using Reserved identifiers warns: public, SyntaxError: missing variable name <br>
FAILED!: Expected value 'no error', Actual value 'error'<br>
FAILED!: <br>
FAILED!: Using Reserved identifiers warns: public, SyntaxError: public is a reserved identifier <br>
FAILED!: Expected value 'no error', Actual value 'error'<br>
FAILED!: <br>
</tt><br>
<dd><b>Testcase <a target='other_window' href='http://lxr.mozilla.org/mozilla/source/js/tests/js1_5/Regress/regress-244619.js'>js1_5/Regress/regress-244619.js</a> failed</b> <br>
 [ <a href='#tippy_top'>Top of Page</a> ]<br>
<tt>Expected exit code 0, got 5<br>
Testcase terminated with signal 0<br>
Complete testcase output was:<br>
Testcase produced no output!</tt><br>
<dd><b>Testcase <a target='other_window' href='http://lxr.mozilla.org/mozilla/source/js/tests/js1_5/Regress/regress-252892.js'>js1_5/Regress/regress-252892.js</a> failed</b> <a href='https://bugzilla.mozilla.org/show_bug.cgi?id=252892' target='other_window'>Bug Number 252892</a><br>
 [ <a href='#tippy_top'>Top of Page</a> ]<br>
<tt>STATUS: for (var i in o) in heavyweight function f should define i in f's activation<br>
STATUS: 1 FAILED!<br>
STATUS: 2 FAILED!<br>
STATUS: 3 FAILED!<br>
STATUS: 4 FAILED!<br>
STATUS: 5 FAILED!<br>
STATUS: first<br>
STATUS: first<br>
STATUS: first<br>
STATUS: first<br>
STATUS: first<br>
STATUS: first<br>
Failure messages were:<br>
STATUS: 1 FAILED!<br>
FAILED!: for (var i in o) in heavyweight function f should define i in f's activation<br>
FAILED!: Expected value 'true', Actual value 'false'<br>
FAILED!: <br>
STATUS: 2 FAILED!<br>
FAILED!: for (var i in o) in heavyweight function f should define i in f's activation<br>
FAILED!: Expected value 'true', Actual value 'false'<br>
FAILED!: <br>
STATUS: 3 FAILED!<br>
FAILED!: for (var i in o) in heavyweight function f should define i in f's activation<br>
FAILED!: Expected value 'true', Actual value 'false'<br>
FAILED!: <br>
STATUS: 4 FAILED!<br>
FAILED!: for (var i in o) in heavyweight function f should define i in f's activation<br>
FAILED!: Expected value 'true', Actual value 'false'<br>
FAILED!: <br>
STATUS: 5 FAILED!<br>
FAILED!: for (var i in o) in heavyweight function f should define i in f's activation<br>
FAILED!: Expected value 'true', Actual value 'false'<br>
FAILED!: <br>
</tt><br>
<dd><b>Testcase <a target='other_window' href='http://lxr.mozilla.org/mozilla/source/js/tests/js1_5/Regress/regress-261886.js'>js1_5/Regress/regress-261886.js</a> failed</b> <a href='https://bugzilla.mozilla.org/show_bug.cgi?id=261886' target='other_window'>Bug Number 261886</a><br>
 [ <a href='#tippy_top'>Top of Page</a> ]<br>
<tt>STATUS: Always evaluate delete operand expression<br>
Failure messages were:<br>
FAILED!: Always evaluate delete operand expression<br>
FAILED!: Expected value '2', Actual value '1'<br>
FAILED!: <br>
</tt><br>
<dd><b>Testcase <a target='other_window' href='http://lxr.mozilla.org/mozilla/source/js/tests/js1_5/Regress/regress-261887.js'>js1_5/Regress/regress-261887.js</a> failed</b> <a href='https://bugzilla.mozilla.org/show_bug.cgi?id=261887' target='other_window'>Bug Number 261887</a><br>
 [ <a href='#tippy_top'>Top of Page</a> ]<br>
<tt>STATUS: deleted properties should not be visited by for in<br>
Failure messages were:<br>
FAILED!: deleted properties should not be visited by for in<br>
FAILED!: Expected value 'onetwofour:onetwofour', Actual value 'onetwoundefinedfour:onetwothreefour'<br>
FAILED!: <br>
</tt><br>
<dd><b>Testcase <a target='other_window' href='http://lxr.mozilla.org/mozilla/source/js/tests/js1_5/Regress/regress-271716-n.js'>js1_5/Regress/regress-271716-n.js</a> failed</b> <br>
 [ <a href='#tippy_top'>Top of Page</a> ]<br>
<tt>Expected exit code 3, got 253<br>
Testcase terminated with signal 0<br>
Complete testcase output was:<br>
Testcase produced no output!</tt><br>
<dd><b>Testcase <a target='other_window' href='http://lxr.mozilla.org/mozilla/source/js/tests/js1_5/Regress/regress-274035.js'>js1_5/Regress/regress-274035.js</a> failed</b> <a href='https://bugzilla.mozilla.org/show_bug.cgi?id=274035' target='other_window'>Bug Number 274035</a><br>
 [ <a href='#tippy_top'>Top of Page</a> ]<br>
<tt>STATUS: Array.prototype[concat|slice|splice] lengths<br>
Failure messages were:<br>
FAILED!: Array.prototype[concat|slice|splice] lengths Section 1 of test - Array.prototype.concat.length <br>
FAILED!: Expected value '1', Actual value '0'<br>
FAILED!: <br>
FAILED!: Array.prototype[concat|slice|splice] lengths Section 2 of test - Array.prototype.slice.length <br>
FAILED!: Expected value '2', Actual value '0'<br>
FAILED!: <br>
FAILED!: Array.prototype[concat|slice|splice] lengths Section 3 of test - Array.prototype.splice.length <br>
FAILED!: Expected value '2', Actual value '1'<br>
FAILED!: <br>
</tt><br>
<dd><b>Testcase <a target='other_window' href='http://lxr.mozilla.org/mozilla/source/js/tests/js1_5/Regress/regress-274888.js'>js1_5/Regress/regress-274888.js</a> failed</b> <a href='https://bugzilla.mozilla.org/show_bug.cgi?id=274888' target='other_window'>Bug Number 274888</a><br>
 [ <a href='#tippy_top'>Top of Page</a> ]<br>
<tt>STATUS: Negative lookahead should match at positions &gt; approx. 64k<br>
Failure messages were:<br>
FAILED!: [reported from test()] Negative lookahead should match at positions &gt; approx. 64k Section 2 of test - /(?!\d)a/.text("1...ka")<br>
FAILED!: [reported from test()] Expected value 'true', Actual value 'false'<br>
FAILED!: [reported from test()] <br>
</tt><br>
<dd><b>Testcase <a target='other_window' href='http://lxr.mozilla.org/mozilla/source/js/tests/js1_5/Regress/regress-275378.js'>js1_5/Regress/regress-275378.js</a> failed</b> <br>
 [ <a href='#tippy_top'>Top of Page</a> ]<br>
<tt>Expected exit code 0, got 3<br>
Testcase terminated with signal 0<br>
Complete testcase output was:<br>
./js1_5/Regress/regress-275378.js:74: SyntaxError: syntax error:<br>
./js1_5/Regress/regress-275378.js:74: 	/ABC/.test(tmpString);<br>
./js1_5/Regress/regress-275378.js:74: ........^<br>
</tt><br>
<dd><b>Testcase <a target='other_window' href='http://lxr.mozilla.org/mozilla/source/js/tests/js1_5/Regress/regress-276103.js'>js1_5/Regress/regress-276103.js</a> failed</b> <a href='https://bugzilla.mozilla.org/show_bug.cgi?id=276103' target='other_window'>Bug Number 276103</a><br>
 [ <a href='#tippy_top'>Top of Page</a> ]<br>
<tt>STATUS: link foo and null bytes<br>
Failure messages were:<br>
FAILED!: link foo and null bytes<br>
FAILED!: Expected value '&lt;a href="test"&gt;string&lt;/a&gt;', Actual value '&lt;a href="test|string"&gt;string&lt;/a&gt;'<br>
FAILED!: <br>
</tt><br>
<dd><b>Testcase <a target='other_window' href='http://lxr.mozilla.org/mozilla/source/js/tests/js1_5/Regress/regress-278873.js'>js1_5/Regress/regress-278873.js</a> failed</b> <br>
 [ <a href='#tippy_top'>Top of Page</a> ]<br>
<tt>Expected exit code 0, got 3<br>
Testcase terminated with signal 0<br>
Complete testcase output was:<br>
Testcase produced no output!</tt><br>
<dd><b>Testcase <a target='other_window' href='http://lxr.mozilla.org/mozilla/source/js/tests/js1_5/Regress/regress-280769-1.js'>js1_5/Regress/regress-280769-1.js</a> failed</b> <br>
 [ <a href='#tippy_top'>Top of Page</a> ]<br>
<tt>Expected exit code 0, got 3<br>
Testcase terminated with signal 0<br>
Complete testcase output was:<br>
Testcase produced no output!</tt><br>
<dd><b>Testcase <a target='other_window' href='http://lxr.mozilla.org/mozilla/source/js/tests/js1_5/Regress/regress-280769-2.js'>js1_5/Regress/regress-280769-2.js</a> failed</b> <br>
 [ <a href='#tippy_top'>Top of Page</a> ]<br>
<tt>Expected exit code 0, got 3<br>
Testcase terminated with signal 0<br>
Complete testcase output was:<br>
Testcase produced no output!</tt><br>
<dd><b>Testcase <a target='other_window' href='http://lxr.mozilla.org/mozilla/source/js/tests/js1_5/Regress/regress-280769-3.js'>js1_5/Regress/regress-280769-3.js</a> failed</b> <br>
 [ <a href='#tippy_top'>Top of Page</a> ]<br>
<tt>Expected exit code 0, got 5<br>
Testcase terminated with signal 0<br>
Complete testcase output was:<br>
Testcase produced no output!</tt><br>
<dd><b>Testcase <a target='other_window' href='http://lxr.mozilla.org/mozilla/source/js/tests/js1_5/Regress/regress-280769-4.js'>js1_5/Regress/regress-280769-4.js</a> failed</b> <a href='https://bugzilla.mozilla.org/show_bug.cgi?id=280769' target='other_window'>Bug Number 280769</a><br>
 [ <a href='#tippy_top'>Top of Page</a> ]<br>
<tt>STATUS: Do not overflow 64K length of char sequence in RegExp []<br>
Failure messages were:<br>
FAILED!: Do not overflow 64K length of char sequence in RegExp []<br>
FAILED!: Type mismatch, expected type string, actual type object<br>
FAILED!: Expected value '&gt;', Actual value 'null'<br>
FAILED!: <br>
</tt><br>
<dd><b>Testcase <a target='other_window' href='http://lxr.mozilla.org/mozilla/source/js/tests/js1_5/Regress/regress-280769.js'>js1_5/Regress/regress-280769.js</a> failed</b> <br>
 [ <a href='#tippy_top'>Top of Page</a> ]<br>
<tt>Expected exit code 0, got 3<br>
Testcase terminated with signal 0<br>
Complete testcase output was:<br>
Testcase produced no output!</tt><br>
<dd><b>Testcase <a target='other_window' href='http://lxr.mozilla.org/mozilla/source/js/tests/js1_5/Regress/regress-281606.js'>js1_5/Regress/regress-281606.js</a> failed</b> <a href='https://bugzilla.mozilla.org/show_bug.cgi?id=281606' target='other_window'>Bug Number 281606</a><br>
 [ <a href='#tippy_top'>Top of Page</a> ]<br>
<tt>STATUS: l instanceof r throws TypeError if r does not support [[HasInstance]]<br>
Failure messages were:<br>
FAILED!: l instanceof r throws TypeError if r does not support [[HasInstance]] Section 1 of test - o instanceof Math <br>
FAILED!: Expected value 'TypeError', Actual value 'No Error'<br>
FAILED!: <br>
FAILED!: l instanceof r throws TypeError if r does not support [[HasInstance]] Section 2 of test - o instanceof o <br>
FAILED!: Expected value 'TypeError', Actual value 'No Error'<br>
FAILED!: <br>
</tt><br>
<dd><b>Testcase <a target='other_window' href='http://lxr.mozilla.org/mozilla/source/js/tests/js1_5/Regress/regress-281930.js'>js1_5/Regress/regress-281930.js</a> failed</b> <a href='https://bugzilla.mozilla.org/show_bug.cgi?id=281930' target='other_window'>Bug Number 281930</a><br>
 [ <a href='#tippy_top'>Top of Page</a> ]<br>
<tt>STATUS: this reference should point to global object in function expressions<br>
Failure messages were:<br>
FAILED!: this reference should point to global object in function expressions<br>
FAILED!: Type mismatch, expected type object, actual type function<br>
FAILED!: Expected value '[object global]', Actual value '<br>
FAILED!: function () {<br>
FAILED!:     return this;<br>
FAILED!: }<br>
FAILED!: '<br>
FAILED!: <br>
</tt><br>
<dd><b>Testcase <a target='other_window' href='http://lxr.mozilla.org/mozilla/source/js/tests/js1_5/Regress/regress-283477.js'>js1_5/Regress/regress-283477.js</a> failed</b> <a href='https://bugzilla.mozilla.org/show_bug.cgi?id=283477' target='other_window'>Bug Number 283477</a><br>
 [ <a href='#tippy_top'>Top of Page</a> ]<br>
<tt>STATUS: a.lastIndexOf(b, c) should return -1 when there is no match<br>
Failure messages were:<br>
FAILED!: [reported from test()] a.lastIndexOf(b, c) should return -1 when there is no match Section 1 of test - "".lastIndexOf("hello", 0);<br>
FAILED!: [reported from test()] Expected value '-1', Actual value '-5'<br>
FAILED!: [reported from test()] <br>
</tt><br>
<dd><b>Testcase <a target='other_window' href='http://lxr.mozilla.org/mozilla/source/js/tests/js1_5/Regress/regress-288688.js'>js1_5/Regress/regress-288688.js</a> failed</b> <a href='https://bugzilla.mozilla.org/show_bug.cgi?id=288688' target='other_window'>Bug Number 288688</a><br>
 [ <a href='#tippy_top'>Top of Page</a> ]<br>
<tt>STATUS: x-&gt;regExpStatics should be stacked and unstacked around the lambda invocations<br>
Failure messages were:<br>
FAILED!: [reported from test()] x-&gt;regExpStatics should be stacked and unstacked around the lambda invocations<br>
FAILED!: [reported from test()] Expected value 'XXXXXXXXXXXXXXXXXXXXXXXXXXXXXXXXXXXXXXXXXXXXXXXXXXXXXXXXXXXXXXXXXXXXXXXXXXXXXXXXXXXXXXXXXXXXXXXXXXXXXXXXXXXXXXXXXXXXXXXXXXXXXXXXXXXXXXXXXXXXXXXXXXXXXXXXXXXXXXXXXXXXXXXXXXXXXXXXXXXXXXXXXXXXXXXXXXXXXXXXXXXXXXXXXXXXXXXXXXXXXXXXXXXXXXXXXXXXXXXXXXXXXXXXXXXXXXXXXXXXXXXXXXXXXXXXXXXXXXXXXXXXXXXXXXXXXXXXXXXXXXXXXXXXXXXXXXXXXXXXXXXXXXXXXXXXXXXXXXXXXXXXXXXXXXXXXXXXXXXXXXXXXXXXXXXXXXXXXXXXXXXXXXXXXXXXXXXXXXXXXXXXXXXXXXXXXXXXXXXXXXXXXXXXXXXXXXXXXXXXXXXXXXXXXXXXXXXXXXXXXXXXXXXXXXXXXXXXXXXXXXXXXXXXXXXXXXXXXXXXXXXXXXXXXXXXXXXXXXXXXXXXXXXXXXXXXXXXXXXXXXXXXXXXXXXXXXXXXXXXXXXXXXXXXXXXXXXXXXXXXXXXXXXXXXXXXXXXXXXXXXXXXXXXXXXXXXXXXXXXXXXXXXXXXXXXXXXXXXXXXXXXXXXXXXXXXXXXXXXXXXXXXXXXXXXXXXXXXXXXXXXXXXXXXXXXXXXXXXXXXXXXXXXXXXXXXXXXXXXXXXXXXXXXXXXXXXXXXXXXXXXXXXXXXXXXXXXXXXXXXXXXXXXXXXXXXXXXXXXXXXXXXXXXXXXXXXXXXXXXXXXXXXXXXXXXXXXXXXXXXXXXXXXXXXXXXXXXXXXXXXXXXXXXXXXXXXXXXXXXXXXXXXXXXXXXXXXXXXXXXXXXXXXXXXXXXXXXXXXXXXXXXXXXXXXXXXXXXXXXXXXXXXXXXXXXXXXXXXXXXXXXXXXXXXXXXXXXXXXXXXXXXXXXXXXXXXXXXXXXXXXXXXXXXXXXXXXXXXXXXXXXXXXXXXXXXXXXXXXXXXXXXXXXXXXXXXXXXXXXXXXXXXXXXXXXXXXXXXXXXXXXXXXXXXXXXXXXXXXXXXXXXXXXXXXXXXXXXXXXXXXXXXXXXXXXXXXXXXXXXXXXXXXXXXXXXXXXXXXXXXXXXXXXXXXXXXXXXXXXXXXXXXXXXXXXXXXXXXXXXXXXXXXXXXXXXXXXXXXXXXXXXXXXXXXXXXXXXXXXXXXXXXXXXXXXXXXXXXXXXXXXXXXXXXXXXXXXXXXXXXXXXXXXXXXXXXXXXXXXXXXXXXXXXXXXXXXXXXXXXXXXXXXXXXXXXXXXXXXXXXXXXXXXXXXXXXXXXXXXXXXXXXXXXXXXXXXXXXXXXXXXXXXXXXXXXXXXXXXXXXXXXXXXXXXXXXXXXXXXXXXXXXXXXXXXXXXXXXXXXXXXXXXXXXXXXXXXXXXXXXXXXXXXXXXXXXXXXXXXXXXXXXXXXXXXXXXXXXXXXXXXXXXXXXXXXXXXXXXXXXXXXXXXXXXXXXXXXXXXXXXXXXXXXXXXXXXXXXXXXXXXXXXXXXXXXXXXXXXXXXXXXXXXXXXXXXXXXXXXXXXXXXXXXXXXXXXXXXXXXXXXXXXXXXXXXXXXXXXXXXXXXXXXXXXXXXXXXXXXXXXXXXXXXXXXXXXXXXXXXXXXXXXXXXXXXXXXXXXXXXXXXXXXXXXXXXXXXXXXXXXXXXXXXXXXXXXXXXXXXXXXXXXXXXXXXXXXXXXXXXXXXXXXXXXXXXXXXXXXXXXXXXXXXXXXXXXXXXXXXXXXXXXXXXXXXXXXXXXXXXXXXXXXXXXXXXXXXXXXXXXXXXXXXXXXXXXXXXXXXXXXXXXXXXXXXXXXXXXXXXXXXXXXXXXXXXXXXXXXXXXXXXXXXXXXXXXXXXXXXXXXXXXXXXXXXXXXXXXXXXXXXXXXXXXXXXXXXXXXXXXXXXXXXXXXXXXXXXXXXXXXXXXXXXXXXXXXXXXXXXXXXXXXXXXXXXXXXXXXXXXXXXXXXXXXXXXXXXXXXXXXXXXXXXXXXXXXXXXXXXXXXXXXXXX', Actual value '<br>
FAILED!: [reported from test()] <br>
</tt><br>
<dd><b>Testcase <a target='other_window' href='http://lxr.mozilla.org/mozilla/source/js/tests/js1_5/Regress/regress-289094.js'>js1_5/Regress/regress-289094.js</a> failed</b> <a href='https://bugzilla.mozilla.org/show_bug.cgi?id=289094' target='other_window'>Bug Number 289094</a><br>
 [ <a href='#tippy_top'>Top of Page</a> ]<br>
<tt>STATUS: argument shadowing function property special case for lambdas<br>
Failure messages were:<br>
FAILED!: argument shadowing function property special case for lambdas<br>
FAILED!: Expected value 'function:function', Actual value 'undefined:undefined'<br>
FAILED!: <br>
</tt><br>
<dd><b>Testcase <a target='other_window' href='http://lxr.mozilla.org/mozilla/source/js/tests/js1_5/Regress/regress-290575.js'>js1_5/Regress/regress-290575.js</a> failed</b> <br>
 [ <a href='#tippy_top'>Top of Page</a> ]<br>
<tt>Expected exit code 0, got 3<br>
Testcase terminated with signal 0<br>
Complete testcase output was:<br>
Testcase produced no output!</tt><br>
<dd><b>Testcase <a target='other_window' href='http://lxr.mozilla.org/mozilla/source/js/tests/js1_5/Regress/regress-290656.js'>js1_5/Regress/regress-290656.js</a> failed</b> <a href='https://bugzilla.mozilla.org/show_bug.cgi?id=290656' target='other_window'>Bug Number 290656</a><br>
 [ <a href='#tippy_top'>Top of Page</a> ]<br>
<tt>STATUS: Regression from bug 254974<br>
Failure messages were:<br>
FAILED!: Regression from bug 254974<br>
FAILED!: Expected value 'No Error', Actual value 'TypeError: bar is not a constructor'<br>
FAILED!: <br>
</tt><br>
<dd><b>Testcase <a target='other_window' href='http://lxr.mozilla.org/mozilla/source/js/tests/js1_5/Regress/regress-291213.js'>js1_5/Regress/regress-291213.js</a> failed</b> <br>
 [ <a href='#tippy_top'>Top of Page</a> ]<br>
<tt>Expected exit code 0, got 5<br>
Testcase terminated with signal 0<br>
Complete testcase output was:<br>
Testcase produced no output!</tt><br>
<dd><b>Testcase <a target='other_window' href='http://lxr.mozilla.org/mozilla/source/js/tests/js1_5/Regress/regress-294191.js'>js1_5/Regress/regress-294191.js</a> failed</b> <br>
 [ <a href='#tippy_top'>Top of Page</a> ]<br>
<tt>Expected exit code 0, got 3<br>
Testcase terminated with signal 0<br>
Complete testcase output was:<br>
Testcase produced no output!</tt><br>
<dd><b>Testcase <a target='other_window' href='http://lxr.mozilla.org/mozilla/source/js/tests/js1_5/Regress/regress-294195-01.js'>js1_5/Regress/regress-294195-01.js</a> failed</b> <br>
 [ <a href='#tippy_top'>Top of Page</a> ]<br>
<tt>Expected exit code 0, got 5<br>
Testcase terminated with signal 0<br>
Complete testcase output was:<br>
Testcase produced no output!</tt><br>
<dd><b>Testcase <a target='other_window' href='http://lxr.mozilla.org/mozilla/source/js/tests/js1_5/Regress/regress-294195-02.js'>js1_5/Regress/regress-294195-02.js</a> failed</b> <br>
 [ <a href='#tippy_top'>Top of Page</a> ]<br>
<tt>Expected exit code 0, got 3<br>
Testcase terminated with signal 0<br>
Complete testcase output was:<br>
Testcase produced no output!</tt><br>
<dd><b>Testcase <a target='other_window' href='http://lxr.mozilla.org/mozilla/source/js/tests/js1_5/Regress/regress-295052.js'>js1_5/Regress/regress-295052.js</a> failed</b> <br>
 [ <a href='#tippy_top'>Top of Page</a> ]<br>
<tt>Expected exit code 0, got 5<br>
Testcase terminated with signal 0<br>
Complete testcase output was:<br>
Testcase produced no output!</tt><br>
<dd><b>Testcase <a target='other_window' href='http://lxr.mozilla.org/mozilla/source/js/tests/js1_5/Regress/regress-299209.js'>js1_5/Regress/regress-299209.js</a> failed</b> <br>
 [ <a href='#tippy_top'>Top of Page</a> ]<br>
<tt>Expected exit code 0, got 5<br>
Testcase terminated with signal 0<br>
Complete testcase output was:<br>
Testcase produced no output!</tt><br>
<dd><b>Testcase <a target='other_window' href='http://lxr.mozilla.org/mozilla/source/js/tests/js1_5/Regress/regress-299641.js'>js1_5/Regress/regress-299641.js</a> failed</b> <a href='https://bugzilla.mozilla.org/show_bug.cgi?id=299641' target='other_window'>Bug Number 299641</a><br>
 [ <a href='#tippy_top'>Top of Page</a> ]<br>
<tt>STATUS: 12.6.4 - LHS for (LHS in expression) execution<br>
Failure messages were:<br>
FAILED!: 12.6.4 - LHS for (LHS in expression) execution<br>
FAILED!: Expected value '0', Actual value '1'<br>
FAILED!: <br>
</tt><br>
<dd><b>Testcase <a target='other_window' href='http://lxr.mozilla.org/mozilla/source/js/tests/js1_5/Regress/regress-303277.js'>js1_5/Regress/regress-303277.js</a> failed</b> <br>
 [ <a href='#tippy_top'>Top of Page</a> ]<br>
<tt>Expected exit code 0, got 5<br>
Testcase terminated with signal 0<br>
Complete testcase output was:<br>
Testcase produced no output!</tt><br>
<dd><b>Testcase <a target='other_window' href='http://lxr.mozilla.org/mozilla/source/js/tests/js1_5/Regress/regress-306794.js'>js1_5/Regress/regress-306794.js</a> failed</b> <br>
 [ <a href='#tippy_top'>Top of Page</a> ]<br>
<tt>Expected exit code 0, got 3<br>
Testcase terminated with signal 0<br>
Complete testcase output was:<br>
Testcase produced no output!</tt><br>
<dd><b>Testcase <a target='other_window' href='http://lxr.mozilla.org/mozilla/source/js/tests/js1_5/Regress/regress-311629.js'>js1_5/Regress/regress-311629.js</a> failed</b> <br>
 [ <a href='#tippy_top'>Top of Page</a> ]<br>
<tt>Expected exit code 0, got 253<br>
Testcase terminated with signal 0<br>
Complete testcase output was:<br>
Testcase produced no output!</tt><br>
<dd><b>Testcase <a target='other_window' href='http://lxr.mozilla.org/mozilla/source/js/tests/js1_5/Regress/regress-312260.js'>js1_5/Regress/regress-312260.js</a> failed</b> <a href='https://bugzilla.mozilla.org/show_bug.cgi?id=312260' target='other_window'>Bug Number 312260</a><br>
 [ <a href='#tippy_top'>Top of Page</a> ]<br>
<tt>STATUS: Switch discriminant detecting case should not warn<br>
Failure messages were:<br>
FAILED!: Switch discriminant detecting case should not warn<br>
FAILED!: Expected value 'No warning', Actual value 'TypeError: reference to undefined property {}.foo'<br>
FAILED!: <br>
</tt><br>
<dd><b>Testcase <a target='other_window' href='http://lxr.mozilla.org/mozilla/source/js/tests/js1_5/Regress/regress-312588.js'>js1_5/Regress/regress-312588.js</a> failed</b> <br>
 [ <a href='#tippy_top'>Top of Page</a> ]<br>
<tt>Expected exit code 0, got 253<br>
Testcase terminated with signal 0<br>
Complete testcase output was:<br>
Testcase produced no output!</tt><br>
<dd><b>Testcase <a target='other_window' href='http://lxr.mozilla.org/mozilla/source/js/tests/js1_5/Regress/regress-58116.js'>js1_5/Regress/regress-58116.js</a> failed</b> <a href='https://bugzilla.mozilla.org/show_bug.cgi?id=58116' target='other_window'>Bug Number 58116</a><br>
 [ <a href='#tippy_top'>Top of Page</a> ]<br>
<tt>STATUS: Compute Daylight savings time correctly regardless of year<br>
Failure messages were:<br>
FAILED!: Compute Daylight savings time correctly regardless of year Section 2 of test - 1965-07-1 <br>
FAILED!: Expected value '240', Actual value '300'<br>
FAILED!: <br>
FAILED!: Compute Daylight savings time correctly regardless of year Section 3 of test - 0000-07-1 <br>
FAILED!: Expected value '240', Actual value '300'<br>
FAILED!: <br>
</tt><br>
</dl>
[ <a href='#tippy_top'>Top of Page</a> | <a href='#fail_detail'>Top of Failures</a> ]<br>
<hr>
<a name='retest_list'></a>
<h2>Retest List</h2><br>
<pre>
# Retest List, smdebug, generated Sat Oct 22 04:37:46 2005.
FAILURE: # Original test base was: All tests.
FAILURE: # 1254 of 1254 test(s) were completed, 81 failures reported.
FAILURE: Engine command line: /home/bclary/JS/JS_150/mozilla/js/src/WINNT5.1_DBG.OBJ/js.exe -S 524288<br>
FAILURE: ecma/ExecutionContexts/10.1.3-2.js
FAILURE: ecma/GlobalObject/15.1.2.1-1.js
FAILURE: ecma/GlobalObject/15.1.2.2-1.js
FAILURE: ecma/GlobalObject/15.1.2.3-1.js
FAILURE: ecma/GlobalObject/15.1.2.4.js
FAILURE: ecma/GlobalObject/15.1.2.5-1.js
FAILURE: ecma/GlobalObject/15.1.2.6.js
FAILURE: ecma/GlobalObject/15.1.2.7.js
FAILURE: ecma_2/instanceof/instanceof-003.js
FAILURE: ecma_3/Date/15.9.3.2-1.js
FAILURE: ecma_3/ExecutionContexts/10.6.1-01.js
FAILURE: ecma_3/RegExp/regress-188206.js
FAILURE: ecma_3/RegExp/regress-223273.js
FAILURE: ecma_3/RegExp/regress-228087.js
FAILURE: ecma_3/RegExp/regress-309840.js
FAILURE: ecma_3/RegExp/regress-312351.js
FAILURE: ecma_3/Statements/12.6.3.js
FAILURE: ecma_3/Statements/regress-302439.js
FAILURE: ecma_3/String/15.5.4.14.js
FAILURE: js1_2/Array/tostring_1.js
FAILURE: js1_2/function/Function_object.js
FAILURE: js1_2/function/tostring-1.js
FAILURE: js1_2/function/tostring-2.js
FAILURE: js1_5/Array/11.1.4.js
FAILURE: js1_5/Array/regress-101964.js
FAILURE: js1_5/Array/regress-255555.js
FAILURE: js1_5/Array/regress-313153.js
FAILURE: js1_5/Date/regress-301738-02.js
FAILURE: js1_5/Date/regress-309925-02.js
FAILURE: js1_5/Date/toLocaleFormat.js
FAILURE: js1_5/Exceptions/regress-232182.js
FAILURE: js1_5/Exceptions/regress-257751.js
FAILURE: js1_5/Exceptions/regress-273931.js
FAILURE: js1_5/Exceptions/regress-50447-1.js
FAILURE: js1_5/Function/10.1.6-01.js
FAILURE: js1_5/Function/10.1.6.js
FAILURE: js1_5/Function/15.3.4.4.js
FAILURE: js1_5/Function/regress-292215.js
FAILURE: js1_5/Object/regress-308806-01.js
FAILURE: js1_5/Regress/regress-155081-2.js
FAILURE: js1_5/Regress/regress-155081.js
FAILURE: js1_5/Regress/regress-162392.js
FAILURE: js1_5/Regress/regress-203278-1.js
FAILURE: js1_5/Regress/regress-203278-2.js
FAILURE: js1_5/Regress/regress-203278-3.js
FAILURE: js1_5/Regress/regress-240317.js
FAILURE: js1_5/Regress/regress-244619.js
FAILURE: js1_5/Regress/regress-252892.js
FAILURE: js1_5/Regress/regress-261886.js
FAILURE: js1_5/Regress/regress-261887.js
FAILURE: js1_5/Regress/regress-271716-n.js
FAILURE: js1_5/Regress/regress-274035.js
FAILURE: js1_5/Regress/regress-274888.js
FAILURE: js1_5/Regress/regress-275378.js
FAILURE: js1_5/Regress/regress-276103.js
FAILURE: js1_5/Regress/regress-278873.js
FAILURE: js1_5/Regress/regress-280769-1.js
FAILURE: js1_5/Regress/regress-280769-2.js
FAILURE: js1_5/Regress/regress-280769-3.js
FAILURE: js1_5/Regress/regress-280769-4.js
FAILURE: js1_5/Regress/regress-280769.js
FAILURE: js1_5/Regress/regress-281606.js
FAILURE: js1_5/Regress/regress-281930.js
FAILURE: js1_5/Regress/regress-283477.js
FAILURE: js1_5/Regress/regress-288688.js
FAILURE: js1_5/Regress/regress-289094.js
FAILURE: js1_5/Regress/regress-290575.js
FAILURE: js1_5/Regress/regress-290656.js
FAILURE: js1_5/Regress/regress-291213.js
FAILURE: js1_5/Regress/regress-294191.js
FAILURE: js1_5/Regress/regress-294195-01.js
FAILURE: js1_5/Regress/regress-294195-02.js
FAILURE: js1_5/Regress/regress-295052.js
FAILURE: js1_5/Regress/regress-299209.js
FAILURE: js1_5/Regress/regress-299641.js
FAILURE: js1_5/Regress/regress-303277.js
FAILURE: js1_5/Regress/regress-306794.js
FAILURE: js1_5/Regress/regress-311629.js
FAILURE: js1_5/Regress/regress-312260.js
FAILURE: js1_5/Regress/regress-312588.js
FAILURE: js1_5/Regress/regress-58116.js
</pre>
[ <a href='#tippy_top'>Top of Page</a> | <a href='#retest_list'>Top of Retest List</a> ]<br>

<hr class="hide">
<hr class="hide">
</div>
<div id="footer">
<ul>
<li><a href="../../../sitemap.html">Site Map</a></li>
<li><a href="../../../security/">Security Updates</a></li>
<li><a href="../../../contact/">Contact Us</a></li>
<li><a href="../../../foundation/donate.html">Donate</a></li>
</ul>
<p class="copyright">
Portions of this content are &copy; 1998&#8211;2009 by individual mozilla.org
contributors; content available under a Creative Commons license | <a
href="http://www.mozilla.org/foundation/licensing/website-content.html">Details</a>.</p>
<p>
<span>Last modified October 24,  2005</span>
<span><a href="http://bonsai-www.mozilla.org/cvslog.cgi?file=mozilla-org/html/js/spidermonkey/release-notes/tests-js-1.5-dbg.html&amp;rev=&amp;root=/www/">Document History</a></span>
</p>
</div>
</div>
</body>
</html>
